app/build/intermediates/manifest_merge_blame_file/debug/manifest-merger-blame-debug-report.txt
1<?xml version="1.0" encoding="utf-8"?>
2<manifest xmlns:android="http://schemas.android.com/apk/res/android"
3    package="com.hostelms"
4    android:versionCode="2"
5    android:versionName="2.0" >
6
7    <uses-sdk
8        android:minSdkVersion="26"
9        android:targetSdkVersion="34" />
10
11    <!-- Permissions -->
12    <uses-permission android:name="android.permission.INTERNET" />
12-->src\main\AndroidManifest.xml:5:5-66
12-->src\main\AndroidManifest.xml:5:22-64
13    <uses-permission android:name="android.permission.ACCESS_NETWORK_STATE" />
13-->src\main\AndroidManifest.xml:6:5-78
13-->src\main\AndroidManifest.xml:6:22-76
14    <uses-permission android:name="android.permission.CAMERA" />
14-->src\main\AndroidManifest.xml:7:5-64
14-->src\main\AndroidManifest.xml:7:22-62
15
16    <uses-feature
16-->src\main\AndroidManifest.xml:8:5-84
17        android:name="android.hardware.camera"
17-->src\main\AndroidManifest.xml:8:19-57
18        android:required="false" />
18-->src\main\AndroidManifest.xml:8:58-82
19    <uses-feature
19-->[com.journeyapps:zxing-android-embedded:4.3.0] AndroidManifest.xml:28:5-30:36
20        android:name="android.hardware.camera.front"
20-->[com.journeyapps:zxing-android-embedded:4.3.0] AndroidManifest.xml:29:9-53
21        android:required="false" /> <!-- TODO replace above two with next line after Android 4.2 -->
21-->[com.journeyapps:zxing-android-embedded:4.3.0] AndroidManifest.xml:30:9-33
22    <!-- <uses-feature android:name="android.hardware.camera.any"/> -->
23    <uses-feature
23-->[com.journeyapps:zxing-android-embedded:4.3.0] AndroidManifest.xml:33:5-35:36
24        android:name="android.hardware.camera.autofocus"
24-->[com.journeyapps:zxing-android-embedded:4.3.0] AndroidManifest.xml:34:9-57
25        android:required="false" />
25-->[com.journeyapps:zxing-android-embedded:4.3.0] AndroidManifest.xml:35:9-33
26    <uses-feature
26-->[com.journeyapps:zxing-android-embedded:4.3.0] AndroidManifest.xml:36:5-38:36
27        android:name="android.hardware.camera.flash"
27-->[com.journeyapps:zxing-android-embedded:4.3.0] AndroidManifest.xml:37:9-53
28        android:required="false" />
28-->[com.journeyapps:zxing-android-embedded:4.3.0] AndroidManifest.xml:38:9-33
29    <uses-feature
29-->[com.journeyapps:zxing-android-embedded:4.3.0] AndroidManifest.xml:39:5-41:36
30        android:name="android.hardware.screen.landscape"
30-->[com.journeyapps:zxing-android-embedded:4.3.0] AndroidManifest.xml:40:9-57
31        android:required="false" />
31-->[com.journeyapps:zxing-android-embedded:4.3.0] AndroidManifest.xml:41:9-33
32    <uses-feature
32-->[com.journeyapps:zxing-android-embedded:4.3.0] AndroidManifest.xml:42:5-44:36
33        android:name="android.hardware.wifi"
33-->[com.journeyapps:zxing-android-embedded:4.3.0] AndroidManifest.xml:43:9-45
34        android:required="false" />
34-->[com.journeyapps:zxing-android-embedded:4.3.0] AndroidManifest.xml:44:9-33
35
36    <permission
36-->[androidx.core:core:1.9.0] AndroidManifest.xml:22:5-24:47
37        android:name="com.hostelms.DYNAMIC_RECEIVER_NOT_EXPORTED_PERMISSION"
37-->[androidx.core:core:1.9.0] AndroidManifest.xml:23:9-81
38        android:protectionLevel="signature" />
38-->[androidx.core:core:1.9.0] AndroidManifest.xml:24:9-44
39
40    <uses-permission android:name="com.hostelms.DYNAMIC_RECEIVER_NOT_EXPORTED_PERMISSION" />
40-->[androidx.core:core:1.9.0] AndroidManifest.xml:26:5-97
40-->[androidx.core:core:1.9.0] AndroidManifest.xml:26:22-94
41
42    <application
42-->src\main\AndroidManifest.xml:10:5-68:19
43        android:allowBackup="true"
43-->src\main\AndroidManifest.xml:11:9-35
44        android:appComponentFactory="androidx.core.app.CoreComponentFactory"
44-->[androidx.core:core:1.9.0] AndroidManifest.xml:28:18-86
45        android:debuggable="true"
46        android:extractNativeLibs="false"
47        android:icon="@mipmap/ic_launcher"
47-->src\main\AndroidManifest.xml:12:9-43
48        android:label="@string/app_name"
48-->src\main\AndroidManifest.xml:13:9-41
49        android:roundIcon="@mipmap/ic_launcher_round"
49-->src\main\AndroidManifest.xml:14:9-54
50        android:supportsRtl="true"
50-->src\main\AndroidManifest.xml:15:9-35
51        android:theme="@style/Theme.HostelMS"
51-->src\main\AndroidManifest.xml:16:9-46
52        android:usesCleartextTraffic="true" >
52-->src\main\AndroidManifest.xml:17:9-44
53
54        <!-- Splash (unchanged) -->
55        <activity
55-->src\main\AndroidManifest.xml:20:9-28:20
56            android:name="com.hostelms.activities.SplashActivity"
56-->src\main\AndroidManifest.xml:20:19-60
57            android:exported="true"
57-->src\main\AndroidManifest.xml:21:13-36
58            android:noHistory="true"
58-->src\main\AndroidManifest.xml:22:13-37
59            android:theme="@style/Theme.HostelMS.Splash" >
59-->src\main\AndroidManifest.xml:23:13-57
60            <intent-filter>
60-->src\main\AndroidManifest.xml:24:13-27:29
61                <action android:name="android.intent.action.MAIN" />
61-->src\main\AndroidManifest.xml:25:17-68
61-->src\main\AndroidManifest.xml:25:25-66
62
63                <category android:name="android.intent.category.LAUNCHER" />
63-->src\main\AndroidManifest.xml:26:17-76
63-->src\main\AndroidManifest.xml:26:27-74
64            </intent-filter>
65        </activity>
66
67        <!-- Auth (updated) -->
68        <activity
68-->src\main\AndroidManifest.xml:31:9-91
69            android:name="com.hostelms.activities.RoleSelectActivity"
69-->src\main\AndroidManifest.xml:31:19-64
70            android:exported="false" />
70-->src\main\AndroidManifest.xml:31:65-89
71        <activity
71-->src\main\AndroidManifest.xml:32:9-89
72            android:name="com.hostelms.activities.RegisterActivity"
72-->src\main\AndroidManifest.xml:32:19-62
73            android:exported="false" />
73-->src\main\AndroidManifest.xml:32:63-87
74        <activity
74-->src\main\AndroidManifest.xml:33:9-86
75            android:name="com.hostelms.activities.LoginActivity"
75-->src\main\AndroidManifest.xml:33:19-59
76            android:exported="false" />
76-->src\main\AndroidManifest.xml:33:60-84
77
78        <!-- Student (original kept + new added) -->
79        <activity
79-->src\main\AndroidManifest.xml:36:9-97
80            android:name="com.hostelms.activities.StudentDashboardActivity"
80-->src\main\AndroidManifest.xml:36:19-70
81            android:exported="false" />
81-->src\main\AndroidManifest.xml:36:71-95
82        <activity
82-->src\main\AndroidManifest.xml:37:9-95
83            android:name="com.hostelms.activities.StudentProfileActivity"
83-->src\main\AndroidManifest.xml:37:19-68
84            android:exported="false" />
84-->src\main\AndroidManifest.xml:37:69-93
85        <activity
85-->src\main\AndroidManifest.xml:38:9-87
86            android:name="com.hostelms.activities.QrScanActivity"
86-->src\main\AndroidManifest.xml:38:19-60
87            android:exported="false" />
87-->src\main\AndroidManifest.xml:38:61-85
88        <activity
88-->src\main\AndroidManifest.xml:39:9-88
89            android:name="com.hostelms.activities.CheckInActivity"
89-->src\main\AndroidManifest.xml:39:19-61
90            android:exported="false" />
90-->src\main\AndroidManifest.xml:39:62-86
91        <activity
91-->src\main\AndroidManifest.xml:40:9-90
92            android:name="com.hostelms.activities.ComplaintActivity"
92-->src\main\AndroidManifest.xml:40:19-63
93            android:exported="false" />
93-->src\main\AndroidManifest.xml:40:64-88
94        <activity
94-->src\main\AndroidManifest.xml:41:9-94
95            android:name="com.hostelms.activities.AnnouncementsActivity"
95-->src\main\AndroidManifest.xml:41:19-67
96            android:exported="false" />
96-->src\main\AndroidManifest.xml:41:68-92
97
98        <!-- NEW: Hostel flow (Booking + Inquiry) -->
99        <activity
99-->src\main\AndroidManifest.xml:44:9-91
100            android:name="com.hostelms.activities.HostelListActivity"
100-->src\main\AndroidManifest.xml:44:19-64
101            android:exported="false" />
101-->src\main\AndroidManifest.xml:44:65-89
102        <activity
102-->src\main\AndroidManifest.xml:45:9-93
103            android:name="com.hostelms.activities.HostelDetailActivity"
103-->src\main\AndroidManifest.xml:45:19-66
104            android:exported="false" />
104-->src\main\AndroidManifest.xml:45:67-91
105        <activity
105-->src\main\AndroidManifest.xml:46:9-89
106            android:name="com.hostelms.activities.BookRoomActivity"
106-->src\main\AndroidManifest.xml:46:19-62
107            android:exported="false" />
107-->src\main\AndroidManifest.xml:46:63-87
108        <activity
108-->src\main\AndroidManifest.xml:47:9-100
109            android:name="com.hostelms.activities.BookingConfirmationActivity"
109-->src\main\AndroidManifest.xml:47:19-73
110            android:exported="false" />
110-->src\main\AndroidManifest.xml:47:74-98
111
112        <!-- NEW: Room checklist (post-booking inspection) -->
113        <activity
113-->src\main\AndroidManifest.xml:50:9-94
114            android:name="com.hostelms.activities.RoomChecklistActivity"
114-->src\main\AndroidManifest.xml:50:19-67
115            android:exported="false" />
115-->src\main\AndroidManifest.xml:50:68-92
116
117        <!-- NEW: Student info screens -->
118        <activity
118-->src\main\AndroidManifest.xml:53:9-84
119            android:name="com.hostelms.activities.FaqActivity"
119-->src\main\AndroidManifest.xml:53:19-57
120            android:exported="false" />
120-->src\main\AndroidManifest.xml:53:58-82
121        <activity
121-->src\main\AndroidManifest.xml:54:9-89
122            android:name="com.hostelms.activities.HowToUseActivity"
122-->src\main\AndroidManifest.xml:54:19-62
123            android:exported="false" />
123-->src\main\AndroidManifest.xml:54:63-87
124
125        <!-- Admin (original kept) -->
126        <activity
126-->src\main\AndroidManifest.xml:57:9-95
127            android:name="com.hostelms.activities.AdminDashboardActivity"
127-->src\main\AndroidManifest.xml:57:19-68
128            android:exported="false" />
128-->src\main\AndroidManifest.xml:57:69-93
129        <activity
129-->src\main\AndroidManifest.xml:58:9-92
130            android:name="com.hostelms.activities.ManageRoomsActivity"
130-->src\main\AndroidManifest.xml:58:19-65
131            android:exported="false" />
131-->src\main\AndroidManifest.xml:58:66-90
132        <activity
132-->src\main\AndroidManifest.xml:59:9-92
133            android:name="com.hostelms.activities.AddEditRoomActivity"
133-->src\main\AndroidManifest.xml:59:19-65
134            android:exported="false" />
134-->src\main\AndroidManifest.xml:59:66-90
135        <activity
135-->src\main\AndroidManifest.xml:60:9-95
136            android:name="com.hostelms.activities.ManageStudentsActivity"
136-->src\main\AndroidManifest.xml:60:19-68
137            android:exported="false" />
137-->src\main\AndroidManifest.xml:60:69-93
138        <activity
138-->src\main\AndroidManifest.xml:61:9-95
139            android:name="com.hostelms.activities.AddEditStudentActivity"
139-->src\main\AndroidManifest.xml:61:19-68
140            android:exported="false" />
140-->src\main\AndroidManifest.xml:61:69-93
141        <activity
141-->src\main\AndroidManifest.xml:62:9-97
142            android:name="com.hostelms.activities.AttendanceReportActivity"
142-->src\main\AndroidManifest.xml:62:19-70
143            android:exported="false" />
143-->src\main\AndroidManifest.xml:62:71-95
144        <activity
144-->src\main\AndroidManifest.xml:63:9-97
145            android:name="com.hostelms.activities.ManageComplaintsActivity"
145-->src\main\AndroidManifest.xml:63:19-70
146            android:exported="false" />
146-->src\main\AndroidManifest.xml:63:71-95
147        <activity
147-->src\main\AndroidManifest.xml:64:9-96
148            android:name="com.hostelms.activities.AddAnnouncementActivity"
148-->src\main\AndroidManifest.xml:64:19-69
149            android:exported="false" />
149-->src\main\AndroidManifest.xml:64:70-94
150        <activity
150-->src\main\AndroidManifest.xml:65:9-91
151            android:name="com.hostelms.activities.QrGenerateActivity"
151-->src\main\AndroidManifest.xml:65:19-64
152            android:exported="false" />
152-->src\main\AndroidManifest.xml:65:65-89
153        <activity
153-->src\main\AndroidManifest.xml:66:9-93
154            android:name="com.hostelms.activities.AllocateRoomActivity"
154-->src\main\AndroidManifest.xml:66:19-66
155            android:exported="false" />
155-->src\main\AndroidManifest.xml:66:67-91
156
157        <service
157-->[androidx.room:room-runtime:2.6.1] AndroidManifest.xml:24:9-28:63
158            android:name="androidx.room.MultiInstanceInvalidationService"
158-->[androidx.room:room-runtime:2.6.1] AndroidManifest.xml:25:13-74
159            android:directBootAware="true"
159-->[androidx.room:room-runtime:2.6.1] AndroidManifest.xml:26:13-43
160            android:exported="false" />
160-->[androidx.room:room-runtime:2.6.1] AndroidManifest.xml:27:13-37
161
162        <activity
162-->[com.journeyapps:zxing-android-embedded:4.3.0] AndroidManifest.xml:47:9-53:63
163            android:name="com.journeyapps.barcodescanner.CaptureActivity"
163-->[com.journeyapps:zxing-android-embedded:4.3.0] AndroidManifest.xml:48:13-74
164            android:clearTaskOnLaunch="true"
164-->[com.journeyapps:zxing-android-embedded:4.3.0] AndroidManifest.xml:49:13-45
165            android:screenOrientation="sensorLandscape"
165-->[com.journeyapps:zxing-android-embedded:4.3.0] AndroidManifest.xml:50:13-56
166            android:stateNotNeeded="true"
166-->[com.journeyapps:zxing-android-embedded:4.3.0] AndroidManifest.xml:51:13-42
167            android:theme="@style/zxing_CaptureTheme"
167-->[com.journeyapps:zxing-android-embedded:4.3.0] AndroidManifest.xml:52:13-54
168            android:windowSoftInputMode="stateAlwaysHidden" />
168-->[com.journeyapps:zxing-android-embedded:4.3.0] AndroidManifest.xml:53:13-60
169
170        <provider
170-->[androidx.emoji2:emoji2:1.2.0] AndroidManifest.xml:24:9-32:20
171            android:name="androidx.startup.InitializationProvider"
171-->[androidx.emoji2:emoji2:1.2.0] AndroidManifest.xml:25:13-67
172            android:authorities="com.hostelms.androidx-startup"
172-->[androidx.emoji2:emoji2:1.2.0] AndroidManifest.xml:26:13-68
173            android:exported="false" >
173-->[androidx.emoji2:emoji2:1.2.0] AndroidManifest.xml:27:13-37
174            <meta-data
174-->[androidx.emoji2:emoji2:1.2.0] AndroidManifest.xml:29:13-31:52
175                android:name="androidx.emoji2.text.EmojiCompatInitializer"
175-->[androidx.emoji2:emoji2:1.2.0] AndroidManifest.xml:30:17-75
176                android:value="androidx.startup" />
176-->[androidx.emoji2:emoji2:1.2.0] AndroidManifest.xml:31:17-49
177            <meta-data
177-->[androidx.lifecycle:lifecycle-process:2.6.1] AndroidManifest.xml:29:13-31:52
178                android:name="androidx.lifecycle.ProcessLifecycleInitializer"
178-->[androidx.lifecycle:lifecycle-process:2.6.1] AndroidManifest.xml:30:17-78
179                android:value="androidx.startup" />
179-->[androidx.lifecycle:lifecycle-process:2.6.1] AndroidManifest.xml:31:17-49
180            <meta-data
180-->[androidx.profileinstaller:profileinstaller:1.3.0] AndroidManifest.xml:29:13-31:52
181                android:name="androidx.profileinstaller.ProfileInstallerInitializer"
181-->[androidx.profileinstaller:profileinstaller:1.3.0] AndroidManifest.xml:30:17-85
182                android:value="androidx.startup" />
182-->[androidx.profileinstaller:profileinstaller:1.3.0] AndroidManifest.xml:31:17-49
183        </provider>
184
185        <receiver
185-->[androidx.profileinstaller:profileinstaller:1.3.0] AndroidManifest.xml:34:9-52:20
186            android:name="androidx.profileinstaller.ProfileInstallReceiver"
186-->[androidx.profileinstaller:profileinstaller:1.3.0] AndroidManifest.xml:35:13-76
187            android:directBootAware="false"
187-->[androidx.profileinstaller:profileinstaller:1.3.0] AndroidManifest.xml:36:13-44
188            android:enabled="true"
188-->[androidx.profileinstaller:profileinstaller:1.3.0] AndroidManifest.xml:37:13-35
189            android:exported="true"
189-->[androidx.profileinstaller:profileinstaller:1.3.0] AndroidManifest.xml:38:13-36
190            android:permission="android.permission.DUMP" >
190-->[androidx.profileinstaller:profileinstaller:1.3.0] AndroidManifest.xml:39:13-57
191            <intent-filter>
191-->[androidx.profileinstaller:profileinstaller:1.3.0] AndroidManifest.xml:40:13-42:29
192                <action android:name="androidx.profileinstaller.action.INSTALL_PROFILE" />
192-->[androidx.profileinstaller:profileinstaller:1.3.0] AndroidManifest.xml:41:17-91
192-->[androidx.profileinstaller:profileinstaller:1.3.0] AndroidManifest.xml:41:25-88
193            </intent-filter>
194            <intent-filter>
194-->[androidx.profileinstaller:profileinstaller:1.3.0] AndroidManifest.xml:43:13-45:29
195                <action android:name="androidx.profileinstaller.action.SKIP_FILE" />
195-->[androidx.profileinstaller:profileinstaller:1.3.0] AndroidManifest.xml:44:17-85
195-->[androidx.profileinstaller:profileinstaller:1.3.0] AndroidManifest.xml:44:25-82
196            </intent-filter>
197            <intent-filter>
197-->[androidx.profileinstaller:profileinstaller:1.3.0] AndroidManifest.xml:46:13-48:29
198                <action android:name="androidx.profileinstaller.action.SAVE_PROFILE" />
198-->[androidx.profileinstaller:profileinstaller:1.3.0] AndroidManifest.xml:47:17-88
198-->[androidx.profileinstaller:profileinstaller:1.3.0] AndroidManifest.xml:47:25-85
199            </intent-filter>
200            <intent-filter>
200-->[androidx.profileinstaller:profileinstaller:1.3.0] AndroidManifest.xml:49:13-51:29
201                <action android:name="androidx.profileinstaller.action.BENCHMARK_OPERATION" />
201-->[androidx.profileinstaller:profileinstaller:1.3.0] AndroidManifest.xml:50:17-95
201-->[androidx.profileinstaller:profileinstaller:1.3.0] AndroidManifest.xml:50:25-92
202            </intent-filter>
203        </receiver>
204    </application>
205
206</manifest>